0000 0000000 min_caml_start:
0000 0000000 	lui	%r0, 0
0001 0000004 	lui	%r1, 0
0002 0000008 	lui	%r2, 0
0003 000000c 	lui	%r3, 0
0004 0000010 	lui	%r4, 0
0005 0000014 	lui	%r5, 0
0006 0000018 	lui	%r6, 0
0007 000001c 	lui	%r7, 0
0008 0000020 	lui	%r8, 0
0009 0000024 	lui	%r9, 0
0010 0000028 	lui	%r10, 0
0011 000002c 	lui	%r11, 0
0012 0000030 	lui	%r12, 0
0013 0000034 	lui	%r13, 0
0014 0000038 	lui	%r14, 0
0015 000003c 	lui	%r15, 0
0016 0000040 	lui	%r16, 0
0017 0000044 	lui	%r17, 0
0018 0000048 	lui	%r18, 0
0019 000004c 	lui	%r19, 0
0020 0000050 	lui	%r20, 0
0021 0000054 	lui	%r21, 0
0022 0000058 	lui	%r22, 0
0023 000005c 	lui	%r23, 0
0024 0000060 	lui	%r24, 0
0025 0000064 	lui	%r25, 0
0026 0000068 	lui	%r26, 0
0027 000006c 	lui	%r27, 0
0028 0000070 	lui	%r28, 0
0029 0000074 	lui	%r29, 0
0030 0000078 	lui	%r30, 4
0031 000007c 	lui	%r31, 0
0032 0000080 data_load_loop:
0032 0000080 	in	%r1
0033 0000084 	in	%r2
0034 0000088 	sll	%r2, %r2, 8
0035 000008c 	or	%r1, %r1, %r2
0036 0000090 	lui	%r2, 0
0037 0000094 	in	%r2
0038 0000098 	sll	%r2, %r2, 16
0039 000009c 	or	%r1, %r1, %r2
0040 00000a0 	in	%r2
0041 00000a4 	sll	%r2, %r2, 24
0042 00000a8 	or	%r1, %r1, %r2
0043 00000ac 	sw	%r1, 0(%r29)
0044 00000b0 	addi	%r29, %r29, 1
0045 00000b4 	lui	%r1, 0
0046 00000b8 	lui	%r2, 0
0047 00000bc 	j	data_load_loop
